  Renderer.cpp
C:\Users\costa\Desktop\Cpp\TatooineSpaceBalls\Source\Renderer.cpp(79,42): error C2440: 'initializing': cannot convert from 'void *' to 'unsigned char *'
C:\Users\costa\Desktop\Cpp\TatooineSpaceBalls\Source\Renderer.cpp(79,22): message : Conversion from 'void*' to pointer to non-'void' requires an explicit cast
C:\Users\costa\Desktop\Cpp\TatooineSpaceBalls\Source\Renderer.cpp(444,14): warning C4244: 'initializing': conversion from 'double' to 'float', possible loss of data
C:\Users\costa\Desktop\Cpp\TatooineSpaceBalls\Source\Renderer.cpp(616,25): warning C4244: '=': conversion from 'int' to 'T', possible loss of data
          with
          [
              T=float
          ]
C:\Users\costa\Desktop\Cpp\TatooineSpaceBalls\Source\Renderer.cpp(620,25): warning C4244: '=': conversion from 'int' to 'T', possible loss of data
          with
          [
              T=float
          ]
C:\Users\costa\Desktop\Cpp\TatooineSpaceBalls\Source\Renderer.cpp(625,25): warning C4244: '=': conversion from 'int' to 'T', possible loss of data
          with
          [
              T=float
          ]
C:\Users\costa\Desktop\Cpp\TatooineSpaceBalls\Source\Renderer.cpp(629,25): warning C4244: '=': conversion from 'int' to 'T', possible loss of data
          with
          [
              T=float
          ]
